<?xml version="1.0" encoding="UTF-8"?>
<!-- Generated by org.testng.reporters.JUnitXMLReporter -->
<testsuite hostname="DESKTOP-VGU5P9Q" ignored="2" name="Default test(failed)" tests="1" failures="0" timestamp="2020-12-08T09:37:40 IST" time="0.029" errors="0">
  <testcase name="TC3" time="0.006" classname="TestNG.ExecuteOnlyFailedTC"/>
  <testcase name="TC1" time="0.0" classname="TestNG.ExecuteOnlyFailedTC">
    <ignored/>
  </testcase> <!-- TC1 -->
  <testcase name="TC2" time="0.0" classname="TestNG.ExecuteOnlyFailedTC">
    <ignored/>
  </testcase> <!-- TC2 -->
</testsuite> <!-- Default test(failed) -->
