<?xml version="1.0" encoding="UTF-8"?>
<!-- Generated by org.testng.reporters.JUnitXMLReporter -->
<testsuite hostname="DESKTOP-VGU5P9Q" ignored="1" name="Default test" tests="2" failures="0" timestamp="2020-12-08T09:46:42 IST" time="0.029" errors="0">
  <testcase name="TC1" time="0.006" classname="TestNG.DisableTCExecutionFromSuite"/>
  <testcase name="TC2" time="0.001" classname="TestNG.DisableTCExecutionFromSuite"/>
  <testcase name="TC3" time="0.0" classname="TestNG.DisableTCExecutionFromSuite">
    <ignored/>
  </testcase> <!-- TC3 -->
</testsuite> <!-- Default test -->
