<?xml version="1.0" encoding="UTF-8"?>
<!-- Generated by org.testng.reporters.JUnitXMLReporter -->
<testsuite hostname="DESKTOP-VGU5P9Q" ignored="1" name="Test" tests="2" failures="0" timestamp="2020-12-08T09:52:55 IST" time="0.03" errors="0">
  <testcase name="TC1" time="0.005" classname="TestNG.DisableTCExecutionFromSuite"/>
  <testcase name="TC2" time="0.0" classname="TestNG.DisableTCExecutionFromSuite"/>
  <testcase name="TC3" time="0.0" classname="TestNG.DisableTCExecutionFromSuite">
    <ignored/>
  </testcase> <!-- TC3 -->
</testsuite> <!-- Test -->
