<?xml version="1.0" encoding="UTF-8"?>
<!-- Generated by org.testng.reporters.JUnitXMLReporter -->
<testsuite hostname="DESKTOP-VGU5P9Q" ignored="0" name="Test1" tests="4" failures="0" timestamp="2020-12-02T08:35:36 IST" time="0.032" errors="0">
  <testcase name="TC3" time="0.005" classname="TestNG.sample2"/>
  <testcase name="TC4" time="0.001" classname="TestNG.sample2"/>
  <testcase name="TC5" time="0.0" classname="TestNG.sample3"/>
  <testcase name="TC6" time="0.001" classname="TestNG.sample3"/>
</testsuite> <!-- Test1 -->
