<?xml version="1.0" encoding="UTF-8"?>
<!-- Generated by org.testng.reporters.JUnitXMLReporter -->
<testsuite hostname="DESKTOP-VGU5P9Q" ignored="4" name="Test(failed)" tests="2" failures="0" timestamp="2020-12-08T09:43:19 IST" time="0.031" errors="0">
  <testcase name="TC3" time="0.005" classname="TestNG.ExecuteOnlyFailedTC"/>
  <testcase name="TC6" time="0.001" classname="TestNG.ExecuteOnlyFailedTC1"/>
  <testcase name="TC4" time="0.0" classname="TestNG.ExecuteOnlyFailedTC1">
    <ignored/>
  </testcase> <!-- TC4 -->
  <testcase name="TC5" time="0.0" classname="TestNG.ExecuteOnlyFailedTC1">
    <ignored/>
  </testcase> <!-- TC5 -->
  <testcase name="TC1" time="0.0" classname="TestNG.ExecuteOnlyFailedTC">
    <ignored/>
  </testcase> <!-- TC1 -->
  <testcase name="TC2" time="0.0" classname="TestNG.ExecuteOnlyFailedTC">
    <ignored/>
  </testcase> <!-- TC2 -->
</testsuite> <!-- Test(failed) -->
